<?xml version="1.0" encoding="UTF-8"?>
<!-- Generated by org.testng.reporters.JUnitReportReporter -->
<testsuite hostname="LAPTOP-H0UK7Q9A" failures="0" tests="1" name="shrushti3097.PfaApplication.TestClass" time="37.162" errors="0" timestamp="2022-09-13T16:22:56 IST" skipped="0">
  <testcase classname="shrushti3097.PfaApplication.TestClass" name="verify" time="37.162"/>
  <system-out/>
</testsuite> <!-- shrushti3097.PfaApplication.TestClass -->
